ERROR 2016-12-20 15:56:33,779    81ms Log                    Error              - StackTrace :    위치: System.DateTimeParse.Parse(String s, DateTimeFormatInfo dtfi, DateTimeStyles styles)
   위치: System.DateTime.Parse(String s)
   위치: Bottleshop.Api.Controllers.HomeController.Index() 파일 e:\BOTTLSHOP\Beer\Bottleshop.Api\Controllers\HomeController.cs:줄 25
Message : 문자열이 유효한 DateTime으로 인식되지 않습니다.

ERROR 2016-12-20 15:56:40,828  7129ms Log                    Error              - StackTrace :    위치: System.DateTimeParse.Parse(String s, DateTimeFormatInfo dtfi, DateTimeStyles styles)
   위치: System.DateTime.Parse(String s)
   위치: Bottleshop.Api.Controllers.HomeController.Index() 파일 e:\BOTTLSHOP\Beer\Bottleshop.Api\Controllers\HomeController.cs:줄 25
Message : 문자열이 유효한 DateTime으로 인식되지 않습니다.

ERROR 2016-12-20 17:05:23,877   129ms Log                    Error              - StackTrace :    위치: MongoDB.Driver.Core.Clusters.Cluster.ThrowTimeoutException(IServerSelector selector, ClusterDescription description)
   위치: MongoDB.Driver.Core.Clusters.Cluster.WaitForDescriptionChangedHelper.HandleCompletedTask(Task completedTask)
   위치: MongoDB.Driver.Core.Clusters.Cluster.WaitForDescriptionChanged(IServerSelector selector, ClusterDescription description, Task descriptionChangedTask, TimeSpan timeout, CancellationToken cancellationToken)
   위치: MongoDB.Driver.Core.Clusters.Cluster.SelectServer(IServerSelector selector, CancellationToken cancellationToken)
   위치: MongoDB.Driver.Core.Bindings.WritableServerBinding.GetWriteChannelSource(CancellationToken cancellationToken)
   위치: MongoDB.Driver.Core.Operations.BulkMixedWriteOperation.Execute(IWriteBinding binding, CancellationToken cancellationToken)
   위치: MongoDB.Driver.OperationExecutor.ExecuteWriteOperation[TResult](IWriteBinding binding, IWriteOperation`1 operation, CancellationToken cancellationToken)
   위치: MongoDB.Driver.MongoCollectionImpl`1.ExecuteWriteOperation[TResult](IWriteOperation`1 operation, CancellationToken cancellationToken)
   위치: MongoDB.Driver.MongoCollectionImpl`1.BulkWrite(IEnumerable`1 requests, BulkWriteOptions options, CancellationToken cancellationToken)
   위치: MongoDB.Driver.MongoCollectionBase`1.InsertOne(TDocument document, InsertOneOptions options, CancellationToken cancellationToken)
   위치: Bottleshop.Api.Lib.MongodbHelper.InsertOneModel[T](T instance, String collectionName) 파일 e:\BOTTLSHOP\Beer\Bottleshop.Api\Lib\MongodbHelper.cs:줄 26
Message : A timeout occured after 30000ms selecting a server using CompositeServerSelector{ Selectors = WritableServerSelector, LatencyLimitingServerSelector{ AllowedLatencyRange = 00:00:00.0150000 } }. Client view of cluster state is { ClusterId : "1", ConnectionMode : "Automatic", Type : "Unknown", State : "Disconnected", Servers : [{ ServerId: "{ ClusterId : 1, EndPoint : "Unspecified/localhost:27017" }", EndPoint: "Unspecified/localhost:27017", State: "Disconnected", Type: "Unknown", HeartbeatException: "MongoDB.Driver.MongoConnectionException: An exception occurred while opening a connection to the server. ---> System.Net.Sockets.SocketException: 대상 컴퓨터에서 연결을 거부했으므로 연결하지 못했습니다 127.0.0.1:27017
   위치: System.Net.Sockets.Socket.EndConnect(IAsyncResult asyncResult)
   위치: System.Threading.Tasks.TaskFactory`1.FromAsyncCoreLogic(IAsyncResult iar, Func`2 endFunction, Action`1 endAction, Task`1 promise, Boolean requiresSynchronization)
--- 예외가 throw된 이전 위치의 스택 추적 끝 ---
   위치: System.Runtime.CompilerServices.TaskAwaiter.ThrowForNonSuccess(Task task)
   위치: System.Runtime.CompilerServices.TaskAwaiter.HandleNonSuccessAndDebuggerNotification(Task task)
   위치: MongoDB.Driver.Core.Connections.TcpStreamFactory.<ConnectAsync>d__7.MoveNext()
--- 예외가 throw된 이전 위치의 스택 추적 끝 ---
   위치: System.Runtime.CompilerServices.TaskAwaiter.ThrowForNonSuccess(Task task)
   위치: System.Runtime.CompilerServices.TaskAwaiter.HandleNonSuccessAndDebuggerNotification(Task task)
   위치: MongoDB.Driver.Core.Connections.TcpStreamFactory.<CreateStreamAsync>d__4.MoveNext()
--- 예외가 throw된 이전 위치의 스택 추적 끝 ---
   위치: System.Runtime.CompilerServices.TaskAwaiter.ThrowForNonSuccess(Task task)
   위치: System.Runtime.CompilerServices.TaskAwaiter.HandleNonSuccessAndDebuggerNotification(Task task)
   위치: MongoDB.Driver.Core.Connections.BinaryConnection.<OpenHelperAsync>d__48.MoveNext()
   --- 내부 예외 스택 추적의 끝 ---
   위치: MongoDB.Driver.Core.Connections.BinaryConnection.<OpenHelperAsync>d__48.MoveNext()
--- 예외가 throw된 이전 위치의 스택 추적 끝 ---
   위치: System.Runtime.CompilerServices.TaskAwaiter.ThrowForNonSuccess(Task task)
   위치: System.Runtime.CompilerServices.TaskAwaiter.HandleNonSuccessAndDebuggerNotification(Task task)
   위치: System.Runtime.CompilerServices.TaskAwaiter.ValidateEnd(Task task)
   위치: MongoDB.Driver.Core.Servers.ServerMonitor.<HeartbeatAsync>d__27.MoveNext()" }] }.

ERROR 2016-12-20 17:05:53,977 30229ms Log                    Error              - StackTrace :    위치: MongoDB.Driver.Core.Clusters.Cluster.ThrowTimeoutException(IServerSelector selector, ClusterDescription description)
   위치: MongoDB.Driver.Core.Clusters.Cluster.WaitForDescriptionChangedHelper.HandleCompletedTask(Task completedTask)
   위치: MongoDB.Driver.Core.Clusters.Cluster.WaitForDescriptionChanged(IServerSelector selector, ClusterDescription description, Task descriptionChangedTask, TimeSpan timeout, CancellationToken cancellationToken)
   위치: MongoDB.Driver.Core.Clusters.Cluster.SelectServer(IServerSelector selector, CancellationToken cancellationToken)
   위치: MongoDB.Driver.Core.Bindings.WritableServerBinding.GetWriteChannelSource(CancellationToken cancellationToken)
   위치: MongoDB.Driver.Core.Operations.BulkMixedWriteOperation.Execute(IWriteBinding binding, CancellationToken cancellationToken)
   위치: MongoDB.Driver.OperationExecutor.ExecuteWriteOperation[TResult](IWriteBinding binding, IWriteOperation`1 operation, CancellationToken cancellationToken)
   위치: MongoDB.Driver.MongoCollectionImpl`1.ExecuteWriteOperation[TResult](IWriteOperation`1 operation, CancellationToken cancellationToken)
   위치: MongoDB.Driver.MongoCollectionImpl`1.BulkWrite(IEnumerable`1 requests, BulkWriteOptions options, CancellationToken cancellationToken)
   위치: MongoDB.Driver.MongoCollectionBase`1.InsertOne(TDocument document, InsertOneOptions options, CancellationToken cancellationToken)
   위치: Bottleshop.Api.Lib.MongodbHelper.InsertOneModel[T](T instance, String collectionName) 파일 e:\BOTTLSHOP\Beer\Bottleshop.Api\Lib\MongodbHelper.cs:줄 26
Message : A timeout occured after 30000ms selecting a server using CompositeServerSelector{ Selectors = WritableServerSelector, LatencyLimitingServerSelector{ AllowedLatencyRange = 00:00:00.0150000 } }. Client view of cluster state is { ClusterId : "1", ConnectionMode : "Automatic", Type : "Unknown", State : "Disconnected", Servers : [{ ServerId: "{ ClusterId : 1, EndPoint : "Unspecified/localhost:27017" }", EndPoint: "Unspecified/localhost:27017", State: "Disconnected", Type: "Unknown", HeartbeatException: "MongoDB.Driver.MongoConnectionException: An exception occurred while opening a connection to the server. ---> System.Net.Sockets.SocketException: 대상 컴퓨터에서 연결을 거부했으므로 연결하지 못했습니다 127.0.0.1:27017
   위치: System.Net.Sockets.Socket.EndConnect(IAsyncResult asyncResult)
   위치: System.Threading.Tasks.TaskFactory`1.FromAsyncCoreLogic(IAsyncResult iar, Func`2 endFunction, Action`1 endAction, Task`1 promise, Boolean requiresSynchronization)
--- 예외가 throw된 이전 위치의 스택 추적 끝 ---
   위치: System.Runtime.CompilerServices.TaskAwaiter.ThrowForNonSuccess(Task task)
   위치: System.Runtime.CompilerServices.TaskAwaiter.HandleNonSuccessAndDebuggerNotification(Task task)
   위치: MongoDB.Driver.Core.Connections.TcpStreamFactory.<ConnectAsync>d__7.MoveNext()
--- 예외가 throw된 이전 위치의 스택 추적 끝 ---
   위치: System.Runtime.CompilerServices.TaskAwaiter.ThrowForNonSuccess(Task task)
   위치: System.Runtime.CompilerServices.TaskAwaiter.HandleNonSuccessAndDebuggerNotification(Task task)
   위치: MongoDB.Driver.Core.Connections.TcpStreamFactory.<CreateStreamAsync>d__4.MoveNext()
--- 예외가 throw된 이전 위치의 스택 추적 끝 ---
   위치: System.Runtime.CompilerServices.TaskAwaiter.ThrowForNonSuccess(Task task)
   위치: System.Runtime.CompilerServices.TaskAwaiter.HandleNonSuccessAndDebuggerNotification(Task task)
   위치: MongoDB.Driver.Core.Connections.BinaryConnection.<OpenHelperAsync>d__48.MoveNext()
   --- 내부 예외 스택 추적의 끝 ---
   위치: MongoDB.Driver.Core.Connections.BinaryConnection.<OpenHelperAsync>d__48.MoveNext()
--- 예외가 throw된 이전 위치의 스택 추적 끝 ---
   위치: System.Runtime.CompilerServices.TaskAwaiter.ThrowForNonSuccess(Task task)
   위치: System.Runtime.CompilerServices.TaskAwaiter.HandleNonSuccessAndDebuggerNotification(Task task)
   위치: System.Runtime.CompilerServices.TaskAwaiter.ValidateEnd(Task task)
   위치: MongoDB.Driver.Core.Servers.ServerMonitor.<HeartbeatAsync>d__27.MoveNext()" }] }.

ERROR 2016-12-20 17:05:55,285 31538ms Log                    Error              - StackTrace :    위치: MongoDB.Driver.MongoCollectionBase`1.InsertOne(TDocument document, InsertOneOptions options, CancellationToken cancellationToken)
   위치: Bottleshop.Api.Lib.MongodbHelper.InsertOneModel[T](T instance, String collectionName) 파일 e:\BOTTLSHOP\Beer\Bottleshop.Api\Lib\MongodbHelper.cs:줄 26
Message : A write operation resulted in an error.
  E11000 duplicate key error collection: thebottleshop.Category index: _id_ dup key: { : ObjectId('5858e66371bd502edccaa2cf') }

ERROR 2016-12-20 17:06:39,429 75682ms Log                    Error              - StackTrace :    위치: MongoDB.Driver.MongoCollectionBase`1.InsertOne(TDocument document, InsertOneOptions options, CancellationToken cancellationToken)
   위치: Bottleshop.Api.Lib.MongodbHelper.InsertOneModel[T](T instance, String collectionName) 파일 e:\BOTTLSHOP\Beer\Bottleshop.Api\Lib\MongodbHelper.cs:줄 26
Message : A write operation resulted in an error.
  E11000 duplicate key error collection: thebottleshop.Category index: _id_ dup key: { : ObjectId('5858e68f71bd502edccaa2d0') }

ERROR 2016-12-20 17:06:39,447 75699ms Log                    Error              - StackTrace :    위치: MongoDB.Driver.MongoCollectionBase`1.InsertOne(TDocument document, InsertOneOptions options, CancellationToken cancellationToken)
   위치: Bottleshop.Api.Lib.MongodbHelper.InsertOneModel[T](T instance, String collectionName) 파일 e:\BOTTLSHOP\Beer\Bottleshop.Api\Lib\MongodbHelper.cs:줄 26
Message : A write operation resulted in an error.
  E11000 duplicate key error collection: thebottleshop.Category index: _id_ dup key: { : ObjectId('5858e68f71bd502edccaa2d0') }

ERROR 2016-12-20 17:06:39,466 75718ms Log                    Error              - StackTrace :    위치: MongoDB.Driver.MongoCollectionBase`1.InsertOne(TDocument document, InsertOneOptions options, CancellationToken cancellationToken)
   위치: Bottleshop.Api.Lib.MongodbHelper.InsertOneModel[T](T instance, String collectionName) 파일 e:\BOTTLSHOP\Beer\Bottleshop.Api\Lib\MongodbHelper.cs:줄 26
Message : A write operation resulted in an error.
  E11000 duplicate key error collection: thebottleshop.Category index: _id_ dup key: { : ObjectId('5858e68f71bd502edccaa2d0') }

